mode: set
demo/demo.go:7.49,8.19 1 1
demo/demo.go:8.19,10.6 1 1
demo/demo.go:10.11,10.39 1 1
demo/demo.go:10.39,12.6 1 0
demo/demo.go:12.11,12.38 1 1
demo/demo.go:12.38,14.6 1 1
demo/demo.go:14.11,14.39 1 1
demo/demo.go:14.39,16.6 1 0
demo/demo.go:16.11,16.39 1 1
demo/demo.go:16.39,18.6 1 1
demo/demo.go:18.11,18.39 1 1
demo/demo.go:18.39,20.6 1 0
demo/demo.go:20.11,20.39 1 1
demo/demo.go:20.39,22.6 1 0
demo/demo.go:22.11,22.26 1 1
demo/demo.go:22.26,24.6 1 1
demo/demo.go:24.11,26.6 1 0
demo/demo.go:29.13,45.2 12 0
